Using pre-set license
Built from '2021.3/staging' branch; Version is '2021.3.5f1 (40eb3a945986) revision 4254522'; Using compiler version '192829333'; Build Type 'Release'
OS: 'Windows 10  (10.0.19044) 64bit Professional' Language: 'tr' Physical Memory: 8050 MB
BatchMode: 1, IsHumanControllingUs: 0, StartBugReporterOnCrash: 0, Is64bit: 1, IsPro: 1

COMMAND LINE ARGUMENTS:
C:\Program Files\Unity\Hub\Editor\2021.3.5f1\Editor\Unity.exe
-adb2
-batchMode
-noUpm
-name
AssetImportWorker2
-projectPath
C:/Users/hsyn_/OneDrive/Belgeler/GitHub/Game1/RunnerGame
-logFile
Logs/AssetImportWorker2.log
-srvPort
64244
Successfully changed project path to: C:/Users/hsyn_/OneDrive/Belgeler/GitHub/Game1/RunnerGame
C:/Users/hsyn_/OneDrive/Belgeler/GitHub/Game1/RunnerGame
[UnityMemory] Configuration Parameters - Can be set up in boot.config
    "memorysetup-bucket-allocator-granularity=16"
    "memorysetup-bucket-allocator-bucket-count=8"
    "memorysetup-bucket-allocator-block-size=33554432"
    "memorysetup-bucket-allocator-block-count=8"
    "memorysetup-main-allocator-block-size=16777216"
    "memorysetup-thread-allocator-block-size=16777216"
    "memorysetup-gfx-main-allocator-block-size=16777216"
    "memorysetup-gfx-thread-allocator-block-size=16777216"
    "memorysetup-cache-allocator-block-size=4194304"
    "memorysetup-typetree-allocator-block-size=2097152"
    "memorysetup-profiler-bucket-allocator-granularity=16"
    "memorysetup-profiler-bucket-allocator-bucket-count=8"
    "memorysetup-profiler-bucket-allocator-block-size=33554432"
    "memorysetup-profiler-bucket-allocator-block-count=8"
    "memorysetup-profiler-allocator-block-size=16777216"
    "memorysetup-profiler-editor-allocator-block-size=1048576"
    "memorysetup-temp-allocator-size-main=16777216"
    "memorysetup-job-temp-allocator-block-size=2097152"
    "memorysetup-job-temp-allocator-block-size-background=1048576"
    "memorysetup-job-temp-allocator-reduction-small-platforms=262144"
    "memorysetup-temp-allocator-size-background-worker=32768"
    "memorysetup-temp-allocator-size-job-worker=262144"
    "memorysetup-temp-allocator-size-preload-manager=33554432"
    "memorysetup-temp-allocator-size-nav-mesh-worker=65536"
    "memorysetup-temp-allocator-size-audio-worker=65536"
    "memorysetup-temp-allocator-size-cloud-worker=32768"
    "memorysetup-temp-allocator-size-gi-baking-worker=262144"
    "memorysetup-temp-allocator-size-gfx=262144"
Refreshing native plugins compatible for Editor in 126.97 ms, found 3 plugins.
Preloading 0 native plugins for Editor in 0.00 ms.
Initialize engine version: 2021.3.5f1 (40eb3a945986)
[Subsystems] Discovering subsystems at path C:/Program Files/Unity/Hub/Editor/2021.3.5f1/Editor/Data/Resources/UnitySubsystems
[Subsystems] Discovering subsystems at path C:/Users/hsyn_/OneDrive/Belgeler/GitHub/Game1/RunnerGame/Assets
GfxDevice: creating device client; threaded=0; jobified=0
Direct3D:
    Version:  Direct3D 11.0 [level 11.1]
    Renderer: NVIDIA GeForce GTX 1650 (ID=0x1f91)
    Vendor:   NVIDIA
    VRAM:     3962 MB
    Driver:   30.0.15.1179
Initialize mono
Mono path[0] = 'C:/Program Files/Unity/Hub/Editor/2021.3.5f1/Editor/Data/Managed'
Mono path[1] = 'C:/Program Files/Unity/Hub/Editor/2021.3.5f1/Editor/Data/MonoBleedingEdge/lib/mono/unityjit-win32'
Mono config path = 'C:/Program Files/Unity/Hub/Editor/2021.3.5f1/Editor/Data/MonoBleedingEdge/etc'
Using monoOptions --debugger-agent=transport=dt_socket,embedding=1,server=y,suspend=n,address=127.0.0.1:56072
Begin MonoManager ReloadAssembly
Registering precompiled unity dll's ...
Register platform support module: C:/Program Files/Unity/Hub/Editor/2021.3.5f1/Editor/Data/PlaybackEngines/AndroidPlayer/UnityEditor.Android.Extensions.dll
Register platform support module: C:/Program Files/Unity/Hub/Editor/2021.3.5f1/Editor/Data/PlaybackEngines/iOSSupport/UnityEditor.iOS.Extensions.dll
Register platform support module: C:/Program Files/Unity/Hub/Editor/2021.3.5f1/Editor/Data/PlaybackEngines/WindowsStandaloneSupport/UnityEditor.WindowsStandalone.Extensions.dll
Registered in 0.008894 seconds.
Native extension for WindowsStandalone target not found
[usbmuxd] Start listen thread
[usbmuxd] Listen thread started
Native extension for iOS target not found
Native extension for Android target not found
Refreshing native plugins compatible for Editor in 79.32 ms, found 3 plugins.
Preloading 0 native plugins for Editor in 0.00 ms.
Mono: successfully reloaded assembly
- Completed reload, in  0.659 seconds
Domain Reload Profiling:
	ReloadAssembly (659ms)
		BeginReloadAssembly (71ms)
			ExecutionOrderSort (0ms)
			DisableScriptedObjects (0ms)
			BackupInstance (0ms)
			ReleaseScriptingObjects (0ms)
			CreateAndSetChildDomain (1ms)
		EndReloadAssembly (484ms)
			LoadAssemblies (70ms)
			RebuildTransferFunctionScriptingTraits (0ms)
			SetupTypeCache (100ms)
			ReleaseScriptCaches (0ms)
			RebuildScriptCaches (28ms)
			SetupLoadedEditorAssemblies (310ms)
				LogAssemblyErrors (0ms)
				InitializePlatformSupportModulesInManaged (61ms)
				SetLoadedEditorAssemblies (0ms)
				RefreshPlugins (79ms)
				BeforeProcessingInitializeOnLoad (1ms)
				ProcessInitializeOnLoadAttributes (127ms)
				ProcessInitializeOnLoadMethodAttributes (40ms)
				AfterProcessingInitializeOnLoad (0ms)
				EditorAssembliesLoaded (0ms)
			ExecutionOrderSort2 (0ms)
			AwakeInstancesAfterBackupRestoration (0ms)
Platform modules already initialized, skipping
Registering precompiled user dll's ...
Registered in 0.006425 seconds.
Begin MonoManager ReloadAssembly
Symbol file LoadedFromMemory doesn't match image C:\Users\hsyn_\OneDrive\Belgeler\GitHub\Game1\RunnerGame\Library\PackageCache\com.unity.visualscripting@1.7.8\Editor\VisualScripting.Core\Dependencies\YamlDotNet\Unity.VisualScripting.YamlDotNet.dll
Symbol file LoadedFromMemory doesn't match image C:\Users\hsyn_\OneDrive\Belgeler\GitHub\Game1\RunnerGame\Library\PackageCache\com.unity.visualscripting@1.7.8\Editor\VisualScripting.Core\Dependencies\DotNetZip\Unity.VisualScripting.IonicZip.dll
Native extension for WindowsStandalone target not found
Native extension for iOS target not found
Native extension for Android target not found
Refreshing native plugins compatible for Editor in 0.58 ms, found 3 plugins.
Preloading 0 native plugins for Editor in 0.00 ms.
Mono: successfully reloaded assembly
- Completed reload, in  1.129 seconds
Domain Reload Profiling:
	ReloadAssembly (1130ms)
		BeginReloadAssembly (244ms)
			ExecutionOrderSort (0ms)
			DisableScriptedObjects (5ms)
			BackupInstance (0ms)
			ReleaseScriptingObjects (0ms)
			CreateAndSetChildDomain (150ms)
		EndReloadAssembly (777ms)
			LoadAssemblies (91ms)
			RebuildTransferFunctionScriptingTraits (0ms)
			SetupTypeCache (252ms)
			ReleaseScriptCaches (1ms)
			RebuildScriptCaches (48ms)
			SetupLoadedEditorAssemblies (358ms)
				LogAssemblyErrors (0ms)
				InitializePlatformSupportModulesInManaged (24ms)
				SetLoadedEditorAssemblies (0ms)
				RefreshPlugins (1ms)
				BeforeProcessingInitializeOnLoad (91ms)
				ProcessInitializeOnLoadAttributes (208ms)
				ProcessInitializeOnLoadMethodAttributes (26ms)
				AfterProcessingInitializeOnLoad (8ms)
				EditorAssembliesLoaded (0ms)
			ExecutionOrderSort2 (0ms)
			AwakeInstancesAfterBackupRestoration (6ms)
Platform modules already initialized, skipping
========================================================================
Worker process is ready to serve import requests
Launched and connected shader compiler UnityShaderCompiler.exe after 0.11 seconds
Refreshing native plugins compatible for Editor in 0.64 ms, found 3 plugins.
Preloading 0 native plugins for Editor in 0.00 ms.
Unloading 3372 Unused Serialized files (Serialized files now loaded: 0)
Unloading 27 unused Assets / (111.0 KB). Loaded Objects now: 3833.
Memory consumption went from 118.9 MB to 118.8 MB.
Total: 3.499300 ms (FindLiveObjects: 0.262900 ms CreateObjectMapping: 0.138000 ms MarkObjects: 3.011600 ms  DeleteObjects: 0.086000 ms)

AssetImportParameters requested are different than current active one (requested -> active):
  custom:video-decoder-ogg-theora: a1e56fd34408186e4bbccfd4996cb3dc -> 
  custom:container-muxer-webm: aa71ff27fc2769a1b78a27578f13a17b -> 
  custom:container-demuxer-webm: 4f35f7cbe854078d1ac9338744f61a02 -> 
  custom:video-encoder-webm-vp8: eb34c28f22e8b96e1ab97ce403110664 -> 
  custom:audio-encoder-webm-vorbis: bf7c407c2cedff20999df2af8eb42d56 -> 
  custom:framework-win-MediaFoundation: 216162199b28c13a410421893ffa2e32 -> 
  custom:container-demuxer-ogg: 62fdf1f143b41e24485cea50d1cbac27 -> 
  custom:video-decoder-webm-vp8: 9c59270c3fd7afecdb556c50c9e8de78 -> 
  custom:audio-decoder-ogg-vorbis: bf7c407c2cedff20999df2af8eb42d56 -> 
========================================================================
Received Import Request.
  Time since last request: 130150.514738 seconds.
  path: Assets/school
  artifactKey: Guid(c5b0a1cce84bd084fbe3ea0c0e60ff10) Importer(815301076,1909f56bfc062723c751e8b465ee728b)
Start importing Assets/school using Guid(c5b0a1cce84bd084fbe3ea0c0e60ff10) Importer(815301076,1909f56bfc062723c751e8b465ee728b)  -> (artifact id: 'e2bc6d394eaf52df2917047253da47ad') in 0.013355 seconds 
========================================================================
Received Import Request.
  Time since last request: 1.217327 seconds.
  path: Assets/school/Prefabs
  artifactKey: Guid(9074304b8a19c6748a559b50b1428855) Importer(815301076,1909f56bfc062723c751e8b465ee728b)
Start importing Assets/school/Prefabs using Guid(9074304b8a19c6748a559b50b1428855) Importer(815301076,1909f56bfc062723c751e8b465ee728b)  -> (artifact id: '6c326de6e28b2a8dc30c795c18cab83f') in 0.003044 seconds 
========================================================================
Received Import Request.
  Time since last request: 5.644433 seconds.
  path: Assets/Image
  artifactKey: Guid(b71a43ea1c19b5042810e4063bfc9409) Importer(815301076,1909f56bfc062723c751e8b465ee728b)
Start importing Assets/Image using Guid(b71a43ea1c19b5042810e4063bfc9409) Importer(815301076,1909f56bfc062723c751e8b465ee728b)  -> (artifact id: '04aec99a167298e7b51b79793cc03ef2') in 0.008902 seconds 
========================================================================
Received Import Request.
  Time since last request: 0.063287 seconds.
  path: Assets/Image/brick.jpg
  artifactKey: Guid(61baabef89cfaa346bcdf2bbc2637388) Importer(815301076,1909f56bfc062723c751e8b465ee728b)
Start importing Assets/Image/brick.jpg using Guid(61baabef89cfaa346bcdf2bbc2637388) Importer(815301076,1909f56bfc062723c751e8b465ee728b)  -> (artifact id: '39a2305fee9d4e20ba7a5a61c19b49cb') in 0.110751 seconds 
========================================================================
Received Import Request.
  Time since last request: 1.438291 seconds.
  path: Assets/Image/Materials
  artifactKey: Guid(7edbdecc96e719642b6b41a77d77bbdd) Importer(815301076,1909f56bfc062723c751e8b465ee728b)
Start importing Assets/Image/Materials using Guid(7edbdecc96e719642b6b41a77d77bbdd) Importer(815301076,1909f56bfc062723c751e8b465ee728b)  -> (artifact id: 'b54e9c0a4337f4335bfa43249b12bb42') in 0.007366 seconds 
========================================================================
Received Import Request.
  Time since last request: 0.079623 seconds.
  path: Assets/Image/Materials/brick.mat
  artifactKey: Guid(4a9fc979d868a3c46aa4e314701c9b8d) Importer(815301076,1909f56bfc062723c751e8b465ee728b)
Start importing Assets/Image/Materials/brick.mat using Guid(4a9fc979d868a3c46aa4e314701c9b8d) Importer(815301076,1909f56bfc062723c751e8b465ee728b)  -> (artifact id: 'dd0e8904426ec71bba84e2e70f513af6') in 0.100910 seconds 
========================================================================
Received Import Request.
  Time since last request: 30.515464 seconds.
  path: Assets/Audio
  artifactKey: Guid(c1519c31f98878b4eab26cb5ad2e5751) Importer(815301076,1909f56bfc062723c751e8b465ee728b)
Start importing Assets/Audio using Guid(c1519c31f98878b4eab26cb5ad2e5751) Importer(815301076,1909f56bfc062723c751e8b465ee728b)  -> (artifact id: '4816d1e96234ce27222d60bd95387438') in 0.007558 seconds 
========================================================================
Received Import Request.
  Time since last request: 0.045501 seconds.
  path: Assets/Audio/Coin Collect.mp3
  artifactKey: Guid(fc1d9d1bc82df604598c787f4b7a6e41) Importer(815301076,1909f56bfc062723c751e8b465ee728b)
Start importing Assets/Audio/Coin Collect.mp3 using Guid(fc1d9d1bc82df604598c787f4b7a6e41) Importer(815301076,1909f56bfc062723c751e8b465ee728b)  -> (artifact id: 'b0c0e1bb2815dfa5dae15cd6a388e47d') in 0.053959 seconds 
========================================================================
Received Import Request.
  Time since last request: 9.354138 seconds.
  path: Assets/ImportedEnvModels/Fantasy Skybox FREE
  artifactKey: Guid(b85067e26e25f8447b7ac9a256854caf) Importer(815301076,1909f56bfc062723c751e8b465ee728b)
Start importing Assets/ImportedEnvModels/Fantasy Skybox FREE using Guid(b85067e26e25f8447b7ac9a256854caf) Importer(815301076,1909f56bfc062723c751e8b465ee728b)  -> (artifact id: '851498c8e4c6da16d3ca507a822727d5') in 0.007545 seconds 
========================================================================
Received Import Request.
  Time since last request: 1.311864 seconds.
  path: Assets/ImportedEnvModels/Fantasy Skybox FREE/Scenes
  artifactKey: Guid(9d20d945c0685494ba906e939e1dd86f) Importer(815301076,1909f56bfc062723c751e8b465ee728b)
Start importing Assets/ImportedEnvModels/Fantasy Skybox FREE/Scenes using Guid(9d20d945c0685494ba906e939e1dd86f) Importer(815301076,1909f56bfc062723c751e8b465ee728b)  -> (artifact id: 'ab17e30d9cc558a1074696c408182b31') in 0.009036 seconds 
========================================================================
Received Import Request.
  Time since last request: 0.076852 seconds.
  path: Assets/ImportedEnvModels/Fantasy Skybox FREE/Scenes/Brush_Flower.png
  artifactKey: Guid(0d383f0cd0395064eb4b64619b2840f3) Importer(815301076,1909f56bfc062723c751e8b465ee728b)
Start importing Assets/ImportedEnvModels/Fantasy Skybox FREE/Scenes/Brush_Flower.png using Guid(0d383f0cd0395064eb4b64619b2840f3) Importer(815301076,1909f56bfc062723c751e8b465ee728b)  -> (artifact id: '6c6053fe724a7709fee194b3fe28dcfd') in 0.062522 seconds 
========================================================================
Received Import Request.
  Time since last request: 0.000039 seconds.
  path: Assets/ImportedEnvModels/Fantasy Skybox FREE/Scenes/Texture_Dirt_Normal.png
  artifactKey: Guid(6372a4abc4700ef4aad94d04602e89bf) Importer(815301076,1909f56bfc062723c751e8b465ee728b)
Start importing Assets/ImportedEnvModels/Fantasy Skybox FREE/Scenes/Texture_Dirt_Normal.png using Guid(6372a4abc4700ef4aad94d04602e89bf) Importer(815301076,1909f56bfc062723c751e8b465ee728b)  -> (artifact id: '7b9d0a96bb2c2392055717cae3c5a0e4') in 0.072852 seconds 
========================================================================
Received Import Request.
  Time since last request: 0.000048 seconds.
  path: Assets/ImportedEnvModels/Fantasy Skybox FREE/Scenes/Texture_Rock_Diffuse.png
  artifactKey: Guid(5749f76eaefd4464d864cb20ae8451aa) Importer(815301076,1909f56bfc062723c751e8b465ee728b)
Start importing Assets/ImportedEnvModels/Fantasy Skybox FREE/Scenes/Texture_Rock_Diffuse.png using Guid(5749f76eaefd4464d864cb20ae8451aa) Importer(815301076,1909f56bfc062723c751e8b465ee728b)  -> (artifact id: '56772ec48f07ce666be8bab7b943957d') in 0.041060 seconds 
========================================================================
Received Import Request.
  Time since last request: 0.000029 seconds.
  path: Assets/ImportedEnvModels/Fantasy Skybox FREE/Scenes/TerrainDirt.terrainlayer
  artifactKey: Guid(d62e27a62f70e074eba77bbd9259e732) Importer(815301076,1909f56bfc062723c751e8b465ee728b)
Start importing Assets/ImportedEnvModels/Fantasy Skybox FREE/Scenes/TerrainDirt.terrainlayer using Guid(d62e27a62f70e074eba77bbd9259e732) Importer(815301076,1909f56bfc062723c751e8b465ee728b)  -> (artifact id: '67ce9e6f2eac4a393dfce0ae7ca9aefe') in 0.058665 seconds 
========================================================================
Received Import Request.
  Time since last request: 0.000047 seconds.
  path: Assets/ImportedEnvModels/Fantasy Skybox FREE/Scenes/Texture_Dirt_Diffuse.png
  artifactKey: Guid(37d1938c74868484ea08b34225eb73b7) Importer(815301076,1909f56bfc062723c751e8b465ee728b)
Start importing Assets/ImportedEnvModels/Fantasy Skybox FREE/Scenes/Texture_Dirt_Diffuse.png using Guid(37d1938c74868484ea08b34225eb73b7) Importer(815301076,1909f56bfc062723c751e8b465ee728b)  -> (artifact id: 'ea4d841d446cf9304d74aeebc58b0cd4') in 0.036394 seconds 
========================================================================
Received Import Request.
  Time since last request: 14.349261 seconds.
  path: Assets/RPGPP_LT/Prefabs/Nature
  artifactKey: Guid(caa53d26110620c4796425b9e20eb673) Importer(815301076,1909f56bfc062723c751e8b465ee728b)
Start importing Assets/RPGPP_LT/Prefabs/Nature using Guid(caa53d26110620c4796425b9e20eb673) Importer(815301076,1909f56bfc062723c751e8b465ee728b)  -> (artifact id: '8f6cadc3271f2186f2e1db3cc9d08d4b') in 0.006809 seconds 
========================================================================
Received Import Request.
  Time since last request: 0.544406 seconds.
  path: Assets/RPGPP_LT/Prefabs/Nature/Rocks
  artifactKey: Guid(bcdbaf7c59877724ea3cdf590b46ee87) Importer(815301076,1909f56bfc062723c751e8b465ee728b)
Start importing Assets/RPGPP_LT/Prefabs/Nature/Rocks using Guid(bcdbaf7c59877724ea3cdf590b46ee87) Importer(815301076,1909f56bfc062723c751e8b465ee728b)  -> (artifact id: 'bbd0eaea73071b7c402c6bbe8f3368a6') in 0.008348 seconds 
========================================================================
Received Import Request.
  Time since last request: 0.063800 seconds.
  path: Assets/RPGPP_LT/Prefabs/Nature/Rocks/rpgpp_lt_rock_01.prefab
  artifactKey: Guid(6fc2010b5899cfd488a0ddf205679e2b) Importer(815301076,1909f56bfc062723c751e8b465ee728b)
Start importing Assets/RPGPP_LT/Prefabs/Nature/Rocks/rpgpp_lt_rock_01.prefab using Guid(6fc2010b5899cfd488a0ddf205679e2b) Importer(815301076,1909f56bfc062723c751e8b465ee728b)  -> (artifact id: 'cafe167009149c8ce741f40a39516ceb') in 0.058820 seconds 
========================================================================
Received Import Request.
  Time since last request: 0.000025 seconds.
  path: Assets/RPGPP_LT/Prefabs/Nature/Rocks/rpgpp_lt_rock_small_02.prefab
  artifactKey: Guid(9f21020355643c74c88002634abcdabd) Importer(815301076,1909f56bfc062723c751e8b465ee728b)
Start importing Assets/RPGPP_LT/Prefabs/Nature/Rocks/rpgpp_lt_rock_small_02.prefab using Guid(9f21020355643c74c88002634abcdabd) Importer(815301076,1909f56bfc062723c751e8b465ee728b)  -> (artifact id: 'a554c4515999213269be39f4edc8a340') in 0.021927 seconds 
========================================================================
Received Import Request.
  Time since last request: 2.459736 seconds.
  path: Assets/RPGPP_LT/Prefabs/Props/Furniture
  artifactKey: Guid(3f958f6d490fa3c409a72ba1b872ef86) Importer(815301076,1909f56bfc062723c751e8b465ee728b)
Start importing Assets/RPGPP_LT/Prefabs/Props/Furniture using Guid(3f958f6d490fa3c409a72ba1b872ef86) Importer(815301076,1909f56bfc062723c751e8b465ee728b)  -> (artifact id: '9545f92e3cbe24500e2d82f5e4bcf3f5') in 0.007808 seconds 
========================================================================
Received Import Request.
  Time since last request: 0.674204 seconds.
  path: Assets/RPGPP_LT/Prefabs/Props/Furniture/Hangers
  artifactKey: Guid(002ae82687d12084ebe47a31fdfa01d9) Importer(815301076,1909f56bfc062723c751e8b465ee728b)
Start importing Assets/RPGPP_LT/Prefabs/Props/Furniture/Hangers using Guid(002ae82687d12084ebe47a31fdfa01d9) Importer(815301076,1909f56bfc062723c751e8b465ee728b)  -> (artifact id: '31583bde4badaa9a37da02a065e65662') in 0.007718 seconds 
========================================================================
Received Import Request.
  Time since last request: 0.057686 seconds.
  path: Assets/RPGPP_LT/Prefabs/Props/Furniture/Hangers/rpgpp_lt_hanger_clothes_01.prefab
  artifactKey: Guid(9e6377f4cae22eb4194f71c6e76c37b9) Importer(815301076,1909f56bfc062723c751e8b465ee728b)
Start importing Assets/RPGPP_LT/Prefabs/Props/Furniture/Hangers/rpgpp_lt_hanger_clothes_01.prefab using Guid(9e6377f4cae22eb4194f71c6e76c37b9) Importer(815301076,1909f56bfc062723c751e8b465ee728b)  -> (artifact id: '4a0c8da814d694ee2e824607f4b2fa09') in 0.023982 seconds 
========================================================================
Received Import Request.
  Time since last request: 12.494900 seconds.
  path: Assets/Scenes
  artifactKey: Guid(6ea315d0fd7389c41b19996891e99ae3) Importer(815301076,1909f56bfc062723c751e8b465ee728b)
Start importing Assets/Scenes using Guid(6ea315d0fd7389c41b19996891e99ae3) Importer(815301076,1909f56bfc062723c751e8b465ee728b)  -> (artifact id: 'bc172811d573b296104adb4d2728db37') in 0.003177 seconds 
========================================================================
Received Import Request.
  Time since last request: 55.334540 seconds.
  path: Assets/school/Prefabs/road
  artifactKey: Guid(3971f944cb563c44abff18954cc780c7) Importer(815301076,1909f56bfc062723c751e8b465ee728b)
Start importing Assets/school/Prefabs/road using Guid(3971f944cb563c44abff18954cc780c7) Importer(815301076,1909f56bfc062723c751e8b465ee728b)  -> (artifact id: '4e3e25b8a60add2e530fb0a53381d48b') in 0.007371 seconds 
========================================================================
Received Import Request.
  Time since last request: 0.047117 seconds.
  path: Assets/school/Prefabs/road/doroga — krest.prefab
  artifactKey: Guid(bc6109ee673f0a244981c84f7b064a43) Importer(815301076,1909f56bfc062723c751e8b465ee728b)
Start importing Assets/school/Prefabs/road/doroga — krest.prefab using Guid(bc6109ee673f0a244981c84f7b064a43) Importer(815301076,1909f56bfc062723c751e8b465ee728b)  -> (artifact id: 'a74ff492b23eca084d91b7861bf360b6') in 0.015852 seconds 
========================================================================
Received Import Request.
  Time since last request: 0.000023 seconds.
  path: Assets/school/Prefabs/road/floor1.prefab
  artifactKey: Guid(be4105263a3576a4a9d8bb22a5f5ca29) Importer(815301076,1909f56bfc062723c751e8b465ee728b)
Start importing Assets/school/Prefabs/road/floor1.prefab using Guid(be4105263a3576a4a9d8bb22a5f5ca29) Importer(815301076,1909f56bfc062723c751e8b465ee728b)  -> (artifact id: '0c3a8bc7f26fd0be72cc776462deebd2') in 0.021076 seconds 
========================================================================
Received Import Request.
  Time since last request: 134.032846 seconds.
  path: Assets/school/Prefabs/props
  artifactKey: Guid(c084cb9a2841b844ebc3f36760cb622d) Importer(815301076,1909f56bfc062723c751e8b465ee728b)
Start importing Assets/school/Prefabs/props using Guid(c084cb9a2841b844ebc3f36760cb622d) Importer(815301076,1909f56bfc062723c751e8b465ee728b)  -> (artifact id: '4d388efa6c96de5e1c864153d89d0adf') in 0.010094 seconds 
========================================================================
Received Import Request.
  Time since last request: 0.078022 seconds.
  path: Assets/school/Prefabs/props/a door.prefab
  artifactKey: Guid(c46afe706fb2cde4883f7afaeaa67a78) Importer(815301076,1909f56bfc062723c751e8b465ee728b)
Start importing Assets/school/Prefabs/props/a door.prefab using Guid(c46afe706fb2cde4883f7afaeaa67a78) Importer(815301076,1909f56bfc062723c751e8b465ee728b)  -> (artifact id: '8c35c6378507bc71aaa497c1cac23e9f') in 0.027296 seconds 
========================================================================
Received Import Request.
  Time since last request: 0.000032 seconds.
  path: Assets/school/Prefabs/props/book3.prefab
  artifactKey: Guid(0c6751314cb92ff49980ac423b66ecfa) Importer(815301076,1909f56bfc062723c751e8b465ee728b)
Start importing Assets/school/Prefabs/props/book3.prefab using Guid(0c6751314cb92ff49980ac423b66ecfa) Importer(815301076,1909f56bfc062723c751e8b465ee728b)  -> (artifact id: '0ef5c659ff90c516729d866ef3cf96df') in 0.021784 seconds 
========================================================================
Received Import Request.
  Time since last request: 0.000062 seconds.
  path: Assets/school/Prefabs/props/computer1.prefab
  artifactKey: Guid(8430fd56cfcb15941a1f31ea7f8f1915) Importer(815301076,1909f56bfc062723c751e8b465ee728b)
Start importing Assets/school/Prefabs/props/computer1.prefab using Guid(8430fd56cfcb15941a1f31ea7f8f1915) Importer(815301076,1909f56bfc062723c751e8b465ee728b)  -> (artifact id: 'aa7795c0802c31a2f56957e4ab636dfd') in 0.021945 seconds 
========================================================================
Received Import Request.
  Time since last request: 0.000034 seconds.
  path: Assets/school/Prefabs/props/board2_2 1.prefab
  artifactKey: Guid(fe495e6bdadd4254199eb7ad0b26898d) Importer(815301076,1909f56bfc062723c751e8b465ee728b)
Start importing Assets/school/Prefabs/props/board2_2 1.prefab using Guid(fe495e6bdadd4254199eb7ad0b26898d) Importer(815301076,1909f56bfc062723c751e8b465ee728b)  -> (artifact id: '1b9b02004ba0e707072b802494d8d888') in 0.019779 seconds 
========================================================================
Received Import Request.
  Time since last request: 0.000047 seconds.
  path: Assets/school/Prefabs/props/board2_2.prefab
  artifactKey: Guid(f16c1a01fe11a1c4499b6704e5007d33) Importer(815301076,1909f56bfc062723c751e8b465ee728b)
Start importing Assets/school/Prefabs/props/board2_2.prefab using Guid(f16c1a01fe11a1c4499b6704e5007d33) Importer(815301076,1909f56bfc062723c751e8b465ee728b)  -> (artifact id: '205df69d28f8a5ac8393b5f8205250b6') in 0.019962 seconds 
========================================================================
Received Import Request.
  Time since last request: 0.000041 seconds.
  path: Assets/school/Prefabs/props/a laptop.prefab
  artifactKey: Guid(ec15f5ae191975f4d8de236356aaec36) Importer(815301076,1909f56bfc062723c751e8b465ee728b)
Start importing Assets/school/Prefabs/props/a laptop.prefab using Guid(ec15f5ae191975f4d8de236356aaec36) Importer(815301076,1909f56bfc062723c751e8b465ee728b)  -> (artifact id: 'c13e3bb9acc1835aa1b3b9dcfdb91b52') in 0.019285 seconds 
========================================================================
Received Import Request.
  Time since last request: 0.000034 seconds.
  path: Assets/school/Prefabs/props/book12.prefab
  artifactKey: Guid(70c302f8c134149459c53486998e3785) Importer(815301076,1909f56bfc062723c751e8b465ee728b)
Start importing Assets/school/Prefabs/props/book12.prefab using Guid(70c302f8c134149459c53486998e3785) Importer(815301076,1909f56bfc062723c751e8b465ee728b)  -> (artifact id: 'fd406e43fb462968146b042b7c798862') in 0.017014 seconds 
========================================================================
Received Import Request.
  Time since last request: 0.000042 seconds.
  path: Assets/school/Prefabs/props/book7.prefab
  artifactKey: Guid(b4335bd599706fd488e027758d9ff789) Importer(815301076,1909f56bfc062723c751e8b465ee728b)
Start importing Assets/school/Prefabs/props/book7.prefab using Guid(b4335bd599706fd488e027758d9ff789) Importer(815301076,1909f56bfc062723c751e8b465ee728b)  -> (artifact id: '95b1bb8ec11d233631c27f109cb8929b') in 0.021093 seconds 
========================================================================
Received Import Request.
  Time since last request: 0.000036 seconds.
  path: Assets/school/Prefabs/props/fire1.prefab
  artifactKey: Guid(4bc798f368a5f214ba2ad9cc17bc9b80) Importer(815301076,1909f56bfc062723c751e8b465ee728b)
Start importing Assets/school/Prefabs/props/fire1.prefab using Guid(4bc798f368a5f214ba2ad9cc17bc9b80) Importer(815301076,1909f56bfc062723c751e8b465ee728b)  -> (artifact id: 'e077a4fe687fd01bc550e22ede93bc34') in 0.017924 seconds 
========================================================================
Received Import Request.
  Time since last request: 0.000036 seconds.
  path: Assets/school/Prefabs/props/board1.prefab
  artifactKey: Guid(883fda0b73369fe41bc2ed262338a937) Importer(815301076,1909f56bfc062723c751e8b465ee728b)
Start importing Assets/school/Prefabs/props/board1.prefab using Guid(883fda0b73369fe41bc2ed262338a937) Importer(815301076,1909f56bfc062723c751e8b465ee728b)  -> (artifact id: '0ec906a6ce59bd3615ed7661b6e585e6') in 0.020080 seconds 
========================================================================
Received Import Request.
  Time since last request: 0.000039 seconds.
  path: Assets/school/Prefabs/props/computer3.prefab
  artifactKey: Guid(eae94336b6079e8469f20b721b0474cd) Importer(815301076,1909f56bfc062723c751e8b465ee728b)
Start importing Assets/school/Prefabs/props/computer3.prefab using Guid(eae94336b6079e8469f20b721b0474cd) Importer(815301076,1909f56bfc062723c751e8b465ee728b)  -> (artifact id: 'e31da96b13d5ad9a3cb480d3e73a4e4e') in 0.020380 seconds 
========================================================================
Received Import Request.
  Time since last request: 0.000029 seconds.
  path: Assets/school/Prefabs/props/board2_1 1.prefab
  artifactKey: Guid(1b8fb463cd54a3347a65b53783a48afc) Importer(815301076,1909f56bfc062723c751e8b465ee728b)
Start importing Assets/school/Prefabs/props/board2_1 1.prefab using Guid(1b8fb463cd54a3347a65b53783a48afc) Importer(815301076,1909f56bfc062723c751e8b465ee728b)  -> (artifact id: 'ae1ad0da58acef3bed62de979c387334') in 0.019854 seconds 
========================================================================
Received Import Request.
  Time since last request: 0.000022 seconds.
  path: Assets/school/Prefabs/props/book5.prefab
  artifactKey: Guid(e0a660c9a16ebaa409248e8f87be4086) Importer(815301076,1909f56bfc062723c751e8b465ee728b)
Start importing Assets/school/Prefabs/props/book5.prefab using Guid(e0a660c9a16ebaa409248e8f87be4086) Importer(815301076,1909f56bfc062723c751e8b465ee728b)  -> (artifact id: 'bc34cfd2120713c9a4917952e117b7dd') in 0.020527 seconds 
========================================================================
Received Import Request.
  Time since last request: 0.000044 seconds.
  path: Assets/school/Prefabs/props/book13.prefab
  artifactKey: Guid(a2d69f66b9cfcbb41adcd641f6757042) Importer(815301076,1909f56bfc062723c751e8b465ee728b)
Start importing Assets/school/Prefabs/props/book13.prefab using Guid(a2d69f66b9cfcbb41adcd641f6757042) Importer(815301076,1909f56bfc062723c751e8b465ee728b)  -> (artifact id: '81a83e877c4bfa24002b9a4538af0d21') in 0.022142 seconds 
========================================================================
Received Import Request.
  Time since last request: 0.000031 seconds.
  path: Assets/school/Prefabs/props/bus.prefab
  artifactKey: Guid(876481ee83f852b49901155a05d155d5) Importer(815301076,1909f56bfc062723c751e8b465ee728b)
Start importing Assets/school/Prefabs/props/bus.prefab using Guid(876481ee83f852b49901155a05d155d5) Importer(815301076,1909f56bfc062723c751e8b465ee728b)  -> (artifact id: 'ab5371e6a3cdab585ca39dd5b711f974') in 0.024714 seconds 
========================================================================
Received Import Request.
  Time since last request: 0.000080 seconds.
  path: Assets/school/Prefabs/props/fire.prefab
  artifactKey: Guid(9b95a03e0e9ba914da4f1c7fb5a46ab7) Importer(815301076,1909f56bfc062723c751e8b465ee728b)
Start importing Assets/school/Prefabs/props/fire.prefab using Guid(9b95a03e0e9ba914da4f1c7fb5a46ab7) Importer(815301076,1909f56bfc062723c751e8b465ee728b)  -> (artifact id: 'dcba086fa65afbcbebac33a7ce355183') in 0.021217 seconds 
========================================================================
Received Import Request.
  Time since last request: 0.000045 seconds.
  path: Assets/school/Prefabs/props/computer2.prefab
  artifactKey: Guid(c9909a6c1892fd04cb840ad5329e558e) Importer(815301076,1909f56bfc062723c751e8b465ee728b)
Start importing Assets/school/Prefabs/props/computer2.prefab using Guid(c9909a6c1892fd04cb840ad5329e558e) Importer(815301076,1909f56bfc062723c751e8b465ee728b)  -> (artifact id: 'c72446f690762093469cf66678897c5a') in 0.020472 seconds 
========================================================================
Received Import Request.
  Time since last request: 0.000029 seconds.
  path: Assets/school/Prefabs/props/book9.prefab
  artifactKey: Guid(d74135662f1cf2049b7ad36d7a117892) Importer(815301076,1909f56bfc062723c751e8b465ee728b)
Start importing Assets/school/Prefabs/props/book9.prefab using Guid(d74135662f1cf2049b7ad36d7a117892) Importer(815301076,1909f56bfc062723c751e8b465ee728b)  -> (artifact id: 'eeb1c820e50ecb8b523411ffee0a3a09') in 0.021813 seconds 
========================================================================
Received Import Request.
  Time since last request: 0.000058 seconds.
  path: Assets/school/Prefabs/props/jalousie.prefab
  artifactKey: Guid(f67ff9d455ede6d448bdf23bc838c236) Importer(815301076,1909f56bfc062723c751e8b465ee728b)
Start importing Assets/school/Prefabs/props/jalousie.prefab using Guid(f67ff9d455ede6d448bdf23bc838c236) Importer(815301076,1909f56bfc062723c751e8b465ee728b)  -> (artifact id: 'a502178275d2504d2b406ce2f2d9e1b6') in 0.022426 seconds 
========================================================================
Received Import Request.
  Time since last request: 0.000034 seconds.
  path: Assets/school/Prefabs/props/book1.prefab
  artifactKey: Guid(f35bd34b33d70144ca22184a194ae6a4) Importer(815301076,1909f56bfc062723c751e8b465ee728b)
Start importing Assets/school/Prefabs/props/book1.prefab using Guid(f35bd34b33d70144ca22184a194ae6a4) Importer(815301076,1909f56bfc062723c751e8b465ee728b)  -> (artifact id: 'c4b068da25107b4f9e3a7c1f58ff4cf0') in 0.021503 seconds 
========================================================================
Received Import Request.
  Time since last request: 0.475241 seconds.
  path: Assets/school/Prefabs/props/locker1.prefab
  artifactKey: Guid(7d65db92ee1ad5644a8177816885460b) Importer(815301076,1909f56bfc062723c751e8b465ee728b)
Start importing Assets/school/Prefabs/props/locker1.prefab using Guid(7d65db92ee1ad5644a8177816885460b) Importer(815301076,1909f56bfc062723c751e8b465ee728b)  -> (artifact id: '9d92f9babdba835faebfbf9c5cae3b48') in 0.017462 seconds 
========================================================================
Received Import Request.
  Time since last request: 0.000018 seconds.
  path: Assets/school/Prefabs/props/locker_2.prefab
  artifactKey: Guid(62b11dd993aa50e42a0890a734908161) Importer(815301076,1909f56bfc062723c751e8b465ee728b)
Start importing Assets/school/Prefabs/props/locker_2.prefab using Guid(62b11dd993aa50e42a0890a734908161) Importer(815301076,1909f56bfc062723c751e8b465ee728b)  -> (artifact id: '3d4af07e979b365b75c55ae3149d88ef') in 0.027235 seconds 
========================================================================
Received Import Request.
  Time since last request: 0.000099 seconds.
  path: Assets/school/Prefabs/props/sheet2.prefab
  artifactKey: Guid(8e7a095165f9b1042be929150f3913f0) Importer(815301076,1909f56bfc062723c751e8b465ee728b)
Start importing Assets/school/Prefabs/props/sheet2.prefab using Guid(8e7a095165f9b1042be929150f3913f0) Importer(815301076,1909f56bfc062723c751e8b465ee728b)  -> (artifact id: '44177e223429e90e37d7d5a02fea5738') in 0.020120 seconds 
========================================================================
Received Import Request.
  Time since last request: 0.000030 seconds.
  path: Assets/school/Prefabs/props/rack1.prefab
  artifactKey: Guid(6e8ee28b611f0274dba1617e8888f8ec) Importer(815301076,1909f56bfc062723c751e8b465ee728b)
Start importing Assets/school/Prefabs/props/rack1.prefab using Guid(6e8ee28b611f0274dba1617e8888f8ec) Importer(815301076,1909f56bfc062723c751e8b465ee728b)  -> (artifact id: '0c79547277cd620283b3d586ad4afa98') in 0.044580 seconds 
========================================================================
Received Import Request.
  Time since last request: 0.000036 seconds.
  path: Assets/school/Prefabs/props/locker_3.prefab
  artifactKey: Guid(0480571cf64de034d9d908aa51157db8) Importer(815301076,1909f56bfc062723c751e8b465ee728b)
Start importing Assets/school/Prefabs/props/locker_3.prefab using Guid(0480571cf64de034d9d908aa51157db8) Importer(815301076,1909f56bfc062723c751e8b465ee728b)  -> (artifact id: 'd60bc2247495cb5f32d6720ba55f6e1b') in 0.019783 seconds 
========================================================================
Received Import Request.
  Time since last request: 0.000102 seconds.
  path: Assets/school/Prefabs/props/sheet.prefab
  artifactKey: Guid(9b19a44036ac44243a6c69a62bcfdbdf) Importer(815301076,1909f56bfc062723c751e8b465ee728b)
Start importing Assets/school/Prefabs/props/sheet.prefab using Guid(9b19a44036ac44243a6c69a62bcfdbdf) Importer(815301076,1909f56bfc062723c751e8b465ee728b)  -> (artifact id: '5ebb66433be42a645739055a7130a556') in 0.018698 seconds 
========================================================================
Received Import Request.
  Time since last request: 0.295132 seconds.
  path: Assets/school/Prefabs/props/sheet3.prefab
  artifactKey: Guid(5f0122993f7c5324d972bf997e494ca3) Importer(815301076,1909f56bfc062723c751e8b465ee728b)
Start importing Assets/school/Prefabs/props/sheet3.prefab using Guid(5f0122993f7c5324d972bf997e494ca3) Importer(815301076,1909f56bfc062723c751e8b465ee728b)  -> (artifact id: 'd895b101285ff585ff62f8e2391a1a3d') in 0.022864 seconds 
========================================================================
Received Import Request.
  Time since last request: 0.000026 seconds.
  path: Assets/school/Prefabs/props/table2.prefab
  artifactKey: Guid(91dc1ab115d03f04b930f9e619fb953f) Importer(815301076,1909f56bfc062723c751e8b465ee728b)
Start importing Assets/school/Prefabs/props/table2.prefab using Guid(91dc1ab115d03f04b930f9e619fb953f) Importer(815301076,1909f56bfc062723c751e8b465ee728b)  -> (artifact id: 'b92a168994adaa086e8d20f22701a833') in 0.023181 seconds 
========================================================================
Received Import Request.
  Time since last request: 0.000116 seconds.
  path: Assets/school/Prefabs/props/wall.prefab
  artifactKey: Guid(d8553808ed1fd2a41982e26a8f099b9a) Importer(815301076,1909f56bfc062723c751e8b465ee728b)
Start importing Assets/school/Prefabs/props/wall.prefab using Guid(d8553808ed1fd2a41982e26a8f099b9a) Importer(815301076,1909f56bfc062723c751e8b465ee728b)  -> (artifact id: '55d29f90b7e04050cebb54ba03e79aa7') in 0.020655 seconds 
========================================================================
Received Import Request.
  Time since last request: 0.000037 seconds.
  path: Assets/school/Prefabs/props/speaker.prefab
  artifactKey: Guid(5510dbd75f54c1547bcfa4dfea8c488d) Importer(815301076,1909f56bfc062723c751e8b465ee728b)
Start importing Assets/school/Prefabs/props/speaker.prefab using Guid(5510dbd75f54c1547bcfa4dfea8c488d) Importer(815301076,1909f56bfc062723c751e8b465ee728b)  -> (artifact id: 'f25d3c79128a2646909ababe958973f2') in 0.022542 seconds 
========================================================================
Received Import Request.
  Time since last request: 0.000092 seconds.
  path: Assets/school/Prefabs/props/table1.prefab
  artifactKey: Guid(006691b87ee6ce7429992a2a172ecf29) Importer(815301076,1909f56bfc062723c751e8b465ee728b)
Start importing Assets/school/Prefabs/props/table1.prefab using Guid(006691b87ee6ce7429992a2a172ecf29) Importer(815301076,1909f56bfc062723c751e8b465ee728b)  -> (artifact id: '91881923771cca2ad7853626567a5827') in 0.024887 seconds 
========================================================================
Received Import Request.
  Time since last request: 0.000029 seconds.
  path: Assets/school/Prefabs/props/table3.prefab
  artifactKey: Guid(6d513e3e97508a3429bc5eac2b8b7145) Importer(815301076,1909f56bfc062723c751e8b465ee728b)
Start importing Assets/school/Prefabs/props/table3.prefab using Guid(6d513e3e97508a3429bc5eac2b8b7145) Importer(815301076,1909f56bfc062723c751e8b465ee728b)  -> (artifact id: '959a5337babab739ee2eb9a16ed4092c') in 0.024503 seconds 
========================================================================
Received Import Request.
  Time since last request: 0.043673 seconds.
  path: Assets/school/Prefabs/props/wall4.prefab
  artifactKey: Guid(2d0d657c1182735489e24a5ce302b99c) Importer(815301076,1909f56bfc062723c751e8b465ee728b)
Start importing Assets/school/Prefabs/props/wall4.prefab using Guid(2d0d657c1182735489e24a5ce302b99c) Importer(815301076,1909f56bfc062723c751e8b465ee728b)  -> (artifact id: '047982259064575532e2ea37bf61cbcb') in 0.017602 seconds 
========================================================================
Received Import Request.
  Time since last request: 9.617454 seconds.
  path: Assets/school/DemoScene
  artifactKey: Guid(8b61bb79be6daf84fb002396b9e16281) Importer(815301076,1909f56bfc062723c751e8b465ee728b)
Start importing Assets/school/DemoScene using Guid(8b61bb79be6daf84fb002396b9e16281) Importer(815301076,1909f56bfc062723c751e8b465ee728b)  -> (artifact id: '86aea899d7ac13c58ad60976503ac1ed') in 0.007026 seconds 
========================================================================
Received Import Request.
  Time since last request: 2.263427 seconds.
  path: Assets/school/DemoScene/all_objects1_Profiles
  artifactKey: Guid(b0062bcf3e6601642b30a501d664127d) Importer(815301076,1909f56bfc062723c751e8b465ee728b)
Start importing Assets/school/DemoScene/all_objects1_Profiles using Guid(b0062bcf3e6601642b30a501d664127d) Importer(815301076,1909f56bfc062723c751e8b465ee728b)  -> (artifact id: '1a3251b0f7b7d85cc924d367b1b65b4e') in 0.007559 seconds 
========================================================================
Received Import Request.
  Time since last request: 0.049712 seconds.
  path: Assets/school/DemoScene/all_objects1_Profiles/PP Profile.asset
  artifactKey: Guid(eb0c7f947126d924ebdcd292be9be7aa) Importer(815301076,1909f56bfc062723c751e8b465ee728b)
Start importing Assets/school/DemoScene/all_objects1_Profiles/PP Profile.asset using Guid(eb0c7f947126d924ebdcd292be9be7aa) Importer(815301076,1909f56bfc062723c751e8b465ee728b)  -> (artifact id: 'f5a8d520d7d0a444d02779498a4ecbda') in 0.013243 seconds 
========================================================================
Received Import Request.
  Time since last request: 14.904938 seconds.
  path: Assets/school/DemoScene/all_.unity
  artifactKey: Guid(378551c9dbb787b4f9dd2e04ec1454e5) Importer(815301076,1909f56bfc062723c751e8b465ee728b)
Start importing Assets/school/DemoScene/all_.unity using Guid(378551c9dbb787b4f9dd2e04ec1454e5) Importer(815301076,1909f56bfc062723c751e8b465ee728b)  -> (artifact id: '17afa0abf47507d537dc4c1d8411e577') in 0.007110 seconds 
========================================================================
Received Import Request.
  Time since last request: 87.269859 seconds.
  path: Assets/Scenes/SampleScene.unity
  artifactKey: Guid(9fc0d4010bbf28b4594072e72b8655ab) Importer(815301076,1909f56bfc062723c751e8b465ee728b)
Start importing Assets/Scenes/SampleScene.unity using Guid(9fc0d4010bbf28b4594072e72b8655ab) Importer(815301076,1909f56bfc062723c751e8b465ee728b)  -> (artifact id: 'aab4bcd4bcc36eafaf97f45ad46e433c') in 0.012969 seconds 
========================================================================
Received Import Request.
  Time since last request: 47.075857 seconds.
  path: Assets/school/Prefabs/road/doroga — krest.prefab
  artifactKey: Guid(bc6109ee673f0a244981c84f7b064a43) Importer(815301076,1909f56bfc062723c751e8b465ee728b)
Start importing Assets/school/Prefabs/road/doroga — krest.prefab using Guid(bc6109ee673f0a244981c84f7b064a43) Importer(815301076,1909f56bfc062723c751e8b465ee728b)  -> (artifact id: '0817cb81ebffd8fc22b53f08259cd89a') in 0.015318 seconds 
========================================================================
Received Import Request.
  Time since last request: 143.924518 seconds.
  path: Assets/materyal.mat
  artifactKey: Guid(ad0bbc9b9c1e8f4408de1f068000a6f0) Importer(815301076,1909f56bfc062723c751e8b465ee728b)
Start importing Assets/materyal.mat using Guid(ad0bbc9b9c1e8f4408de1f068000a6f0) Importer(815301076,1909f56bfc062723c751e8b465ee728b)  -> (artifact id: '379fde71e11964f16e4e518f424d48eb') in 0.018604 seconds 
========================================================================
Received Import Request.
  Time since last request: 28.650940 seconds.
  path: Assets/school/material
  artifactKey: Guid(87b942742db18d74cadc81763e504ddf) Importer(815301076,1909f56bfc062723c751e8b465ee728b)
Start importing Assets/school/material using Guid(87b942742db18d74cadc81763e504ddf) Importer(815301076,1909f56bfc062723c751e8b465ee728b)  -> (artifact id: '6b69253f2e45968c9379147ba20dc07e') in 0.007634 seconds 
========================================================================
Received Import Request.
  Time since last request: 0.045479 seconds.
  path: Assets/school/material/1.png
  artifactKey: Guid(4b03c68dd480c5946acba6280c21b674) Importer(815301076,1909f56bfc062723c751e8b465ee728b)
Start importing Assets/school/material/1.png using Guid(4b03c68dd480c5946acba6280c21b674) Importer(815301076,1909f56bfc062723c751e8b465ee728b)  -> (artifact id: '19e004c5535ce4601e56973271bc86eb') in 0.011769 seconds 
========================================================================
Received Import Request.
  Time since last request: 0.832266 seconds.
  path: Assets/school/material/Materials
  artifactKey: Guid(7f0cc5bbcb8d137418bf5322cab36bb9) Importer(815301076,1909f56bfc062723c751e8b465ee728b)
Start importing Assets/school/material/Materials using Guid(7f0cc5bbcb8d137418bf5322cab36bb9) Importer(815301076,1909f56bfc062723c751e8b465ee728b)  -> (artifact id: 'd464d07442889a791470187a3e964bef') in 0.007408 seconds 
========================================================================
Received Import Request.
  Time since last request: 0.023043 seconds.
  path: Assets/school/material/Materials/1.mat
  artifactKey: Guid(30b92673b9b7ef44c9c11a474d9910c9) Importer(815301076,1909f56bfc062723c751e8b465ee728b)
Start importing Assets/school/material/Materials/1.mat using Guid(30b92673b9b7ef44c9c11a474d9910c9) Importer(815301076,1909f56bfc062723c751e8b465ee728b)  -> (artifact id: '5041976dfb796e4f2b107b59e3dd0351') in 0.013502 seconds 
========================================================================
Received Import Request.
  Time since last request: 213.102433 seconds.
  path: Assets/school/Prefabs/props/wall4 (1).prefab
  artifactKey: Guid(288b229db858c114299d1bf70ffc95cd) Importer(815301076,1909f56bfc062723c751e8b465ee728b)
Start importing Assets/school/Prefabs/props/wall4 (1).prefab using Guid(288b229db858c114299d1bf70ffc95cd) Importer(815301076,1909f56bfc062723c751e8b465ee728b)  -> (artifact id: '5e9999223b17ec64631967e6caf88340') in 0.012495 seconds 
========================================================================
Received Import Request.
  Time since last request: 226.356365 seconds.
  path: Assets/school/props/rack1.fbx
  artifactKey: Guid(3d58d5cb75277704fbee090d5dc98394) Importer(815301076,1909f56bfc062723c751e8b465ee728b)
Start importing Assets/school/props/rack1.fbx using Guid(3d58d5cb75277704fbee090d5dc98394) Importer(815301076,1909f56bfc062723c751e8b465ee728b)  -> (artifact id: '9685cd0bd8df978c48f9ecc8f21e20b0') in 0.536015 seconds 
========================================================================
Received Import Request.
  Time since last request: 0.797874 seconds.
  path: Assets/school/props/rack.fbx
  artifactKey: Guid(ca9bd9cdb3fbe8c42bfa1472eb2058fc) Importer(815301076,1909f56bfc062723c751e8b465ee728b)
Start importing Assets/school/props/rack.fbx using Guid(ca9bd9cdb3fbe8c42bfa1472eb2058fc) Importer(815301076,1909f56bfc062723c751e8b465ee728b)  -> (artifact id: 'bac6a265152a4ccc12b2daded7553bfb') in 0.027751 seconds 
========================================================================
Received Import Request.
  Time since last request: 0.030047 seconds.
  path: Assets/school/props/sheet1.fbx
  artifactKey: Guid(23b1d8473c4b7404ea0dd7c937deb666) Importer(815301076,1909f56bfc062723c751e8b465ee728b)
Start importing Assets/school/props/sheet1.fbx using Guid(23b1d8473c4b7404ea0dd7c937deb666) Importer(815301076,1909f56bfc062723c751e8b465ee728b)  -> (artifact id: '5dca87bac8a6e8bdf56d937664bf0d00') in 0.030247 seconds 
========================================================================
Received Import Request.
  Time since last request: 0.206021 seconds.
  path: Assets/school/road/doroga — krest.fbx
  artifactKey: Guid(df64657f50132d544870c1de38b5b3d6) Importer(815301076,1909f56bfc062723c751e8b465ee728b)
Start importing Assets/school/road/doroga — krest.fbx using Guid(df64657f50132d544870c1de38b5b3d6) Importer(815301076,1909f56bfc062723c751e8b465ee728b)  -> (artifact id: 'a9e88c298960955d83c2395de7aede88') in 0.050634 seconds 
========================================================================
Received Import Request.
  Time since last request: 0.000024 seconds.
  path: Assets/school/props/wall4 (1).fbx
  artifactKey: Guid(e2c12cc399276f34997617080b02d780) Importer(815301076,1909f56bfc062723c751e8b465ee728b)
Start importing Assets/school/props/wall4 (1).fbx using Guid(e2c12cc399276f34997617080b02d780) Importer(815301076,1909f56bfc062723c751e8b465ee728b)  -> (artifact id: '30c6ee7b4d3d2a8868334975f45c0044') in 0.039584 seconds 
========================================================================
Received Import Request.
  Time since last request: 0.199074 seconds.
  path: Assets/school/props/wall2.fbx
  artifactKey: Guid(dd0187cdaabbf654d8df9b87b74089f5) Importer(815301076,1909f56bfc062723c751e8b465ee728b)
Start importing Assets/school/props/wall2.fbx using Guid(dd0187cdaabbf654d8df9b87b74089f5) Importer(815301076,1909f56bfc062723c751e8b465ee728b)  -> (artifact id: '83a9f590851708220ecbc671a6f4baf7') in 0.045822 seconds 
========================================================================
Received Import Request.
  Time since last request: 0.000029 seconds.
  path: Assets/school/props/tray.fbx
  artifactKey: Guid(cc76c0b780396284a8d4e9fe8d4e7482) Importer(815301076,1909f56bfc062723c751e8b465ee728b)
Start importing Assets/school/props/tray.fbx using Guid(cc76c0b780396284a8d4e9fe8d4e7482) Importer(815301076,1909f56bfc062723c751e8b465ee728b)  -> (artifact id: 'cd3752914a3ba36df05a50ae55678112') in 0.032716 seconds 
========================================================================
Received Import Request.
  Time since last request: 0.059722 seconds.
  path: Assets/school/props/table3.fbx
  artifactKey: Guid(0699d22803476344d956abf42dc88970) Importer(815301076,1909f56bfc062723c751e8b465ee728b)
Start importing Assets/school/props/table3.fbx using Guid(0699d22803476344d956abf42dc88970) Importer(815301076,1909f56bfc062723c751e8b465ee728b)  -> (artifact id: 'eb5c6e2ceee00aa3d28c0d3ef49b4043') in 0.026566 seconds 
========================================================================
Received Import Request.
  Time since last request: 0.206872 seconds.
  path: Assets/school/props/table1.fbx
  artifactKey: Guid(e7eb5a1adad305d49967b1f111709dbc) Importer(815301076,1909f56bfc062723c751e8b465ee728b)
Start importing Assets/school/props/table1.fbx using Guid(e7eb5a1adad305d49967b1f111709dbc) Importer(815301076,1909f56bfc062723c751e8b465ee728b)  -> (artifact id: 'f61a17fe2be9f32d88fcba190ea4af4e') in 0.061118 seconds 
========================================================================
Received Import Request.
  Time since last request: 0.000043 seconds.
  path: Assets/school/props/sheet3.fbx
  artifactKey: Guid(f9193b59ff4960f49b88d5a868e743f4) Importer(815301076,1909f56bfc062723c751e8b465ee728b)
Start importing Assets/school/props/sheet3.fbx using Guid(f9193b59ff4960f49b88d5a868e743f4) Importer(815301076,1909f56bfc062723c751e8b465ee728b)  -> (artifact id: '689417afc90d6324398cc923bb11a24f') in 0.043052 seconds 
========================================================================
Received Import Request.
  Time since last request: 0.000093 seconds.
  path: Assets/school/props/sheet.fbx
  artifactKey: Guid(e3b1441b553239a4681601783740f186) Importer(815301076,1909f56bfc062723c751e8b465ee728b)
Start importing Assets/school/props/sheet.fbx using Guid(e3b1441b553239a4681601783740f186) Importer(815301076,1909f56bfc062723c751e8b465ee728b)  -> (artifact id: 'e4d8c03650e01006b81038fd117d6c3b') in 0.040080 seconds 
========================================================================
Received Import Request.
  Time since last request: 0.000049 seconds.
  path: Assets/school/props/sheet4.fbx
  artifactKey: Guid(26cca21aff10b4545b16cc4b6315157e) Importer(815301076,1909f56bfc062723c751e8b465ee728b)
Start importing Assets/school/props/sheet4.fbx using Guid(26cca21aff10b4545b16cc4b6315157e) Importer(815301076,1909f56bfc062723c751e8b465ee728b)  -> (artifact id: '01c0bd776f1cbaff96290e8037f1c291') in 0.041265 seconds 
========================================================================
Received Import Request.
  Time since last request: 0.000037 seconds.
  path: Assets/school/props/fire1.fbx
  artifactKey: Guid(9039d479f37a33c4a81362d04791c6b0) Importer(815301076,1909f56bfc062723c751e8b465ee728b)
Start importing Assets/school/props/fire1.fbx using Guid(9039d479f37a33c4a81362d04791c6b0) Importer(815301076,1909f56bfc062723c751e8b465ee728b)  -> (artifact id: 'cde727f4241e95a0806480e7754e01cd') in 0.037126 seconds 
========================================================================
Received Import Request.
  Time since last request: 0.050216 seconds.
  path: Assets/school/props/book9.fbx
  artifactKey: Guid(6955ffbde79fdc946ba53b35794d8eb8) Importer(815301076,1909f56bfc062723c751e8b465ee728b)
Start importing Assets/school/props/book9.fbx using Guid(6955ffbde79fdc946ba53b35794d8eb8) Importer(815301076,1909f56bfc062723c751e8b465ee728b)  -> (artifact id: 'a90e2be78d790c9ae7e2c6401a096d95') in 0.026146 seconds 
========================================================================
Received Import Request.
  Time since last request: 0.000053 seconds.
  path: Assets/school/props/book7.fbx
  artifactKey: Guid(c33f36ac04fd4ef4eb1421d50ecb1d83) Importer(815301076,1909f56bfc062723c751e8b465ee728b)
Start importing Assets/school/props/book7.fbx using Guid(c33f36ac04fd4ef4eb1421d50ecb1d83) Importer(815301076,1909f56bfc062723c751e8b465ee728b)  -> (artifact id: '10c82dcca2ff667bc47f45f461bca344') in 0.036893 seconds 
========================================================================
Received Import Request.
  Time since last request: 0.000030 seconds.
  path: Assets/school/props/book10.fbx
  artifactKey: Guid(6daefe72622a81549b8b756cb5f167cd) Importer(815301076,1909f56bfc062723c751e8b465ee728b)
Start importing Assets/school/props/book10.fbx using Guid(6daefe72622a81549b8b756cb5f167cd) Importer(815301076,1909f56bfc062723c751e8b465ee728b)  -> (artifact id: '224e4c9b81f7fd2a9b8e0f871b086ab6') in 0.035286 seconds 
========================================================================
Received Import Request.
  Time since last request: 0.000128 seconds.
  path: Assets/school/props/book1.fbx
  artifactKey: Guid(2ba609b3cfa3a39409cd47125c0b8f23) Importer(815301076,1909f56bfc062723c751e8b465ee728b)
Start importing Assets/school/props/book1.fbx using Guid(2ba609b3cfa3a39409cd47125c0b8f23) Importer(815301076,1909f56bfc062723c751e8b465ee728b)  -> (artifact id: 'a88d4c679a2c33a3c5036486fcae5bbb') in 0.036881 seconds 
========================================================================
Received Import Request.
  Time since last request: 0.000048 seconds.
  path: Assets/school/props/book4.fbx
  artifactKey: Guid(4578924f6ad96474fa87f670025340b6) Importer(815301076,1909f56bfc062723c751e8b465ee728b)
Start importing Assets/school/props/book4.fbx using Guid(4578924f6ad96474fa87f670025340b6) Importer(815301076,1909f56bfc062723c751e8b465ee728b)  -> (artifact id: '3cf938dad8ac2773eb76857b90f32933') in 0.045346 seconds 
========================================================================
Received Import Request.
  Time since last request: 0.195859 seconds.
  path: Assets/school/props/board2_2.fbx
  artifactKey: Guid(bd7e469a6d0e8c44e9dabdd48e4bfb36) Importer(815301076,1909f56bfc062723c751e8b465ee728b)
Start importing Assets/school/props/board2_2.fbx using Guid(bd7e469a6d0e8c44e9dabdd48e4bfb36) Importer(815301076,1909f56bfc062723c751e8b465ee728b)  -> (artifact id: '72d1b69637b7b28d86ae5fc3ba66227a') in 0.037793 seconds 
========================================================================
Received Import Request.
  Time since last request: 0.000055 seconds.
  path: Assets/school/props/board2.fbx
  artifactKey: Guid(566a42721c548c54cb9bc534f063aab3) Importer(815301076,1909f56bfc062723c751e8b465ee728b)
Start importing Assets/school/props/board2.fbx using Guid(566a42721c548c54cb9bc534f063aab3) Importer(815301076,1909f56bfc062723c751e8b465ee728b)  -> (artifact id: '92ab7626bd3c4c330156cf06b3a2df67') in 0.034512 seconds 
========================================================================
Received Import Request.
  Time since last request: 0.000022 seconds.
  path: Assets/school/props/a door1.fbx
  artifactKey: Guid(e7aacb82296e75c41acea0abba4c8978) Importer(815301076,1909f56bfc062723c751e8b465ee728b)
Start importing Assets/school/props/a door1.fbx using Guid(e7aacb82296e75c41acea0abba4c8978) Importer(815301076,1909f56bfc062723c751e8b465ee728b)  -> (artifact id: '3307b22598f00895816fd72f57a8f68c') in 0.056087 seconds 
========================================================================
Received Import Request.
  Time since last request: 0.000031 seconds.
  path: Assets/school/props/board1.fbx
  artifactKey: Guid(2096cda62bf772342bc7a4aeda6e4a67) Importer(815301076,1909f56bfc062723c751e8b465ee728b)
Start importing Assets/school/props/board1.fbx using Guid(2096cda62bf772342bc7a4aeda6e4a67) Importer(815301076,1909f56bfc062723c751e8b465ee728b)  -> (artifact id: '1cb2a9f5bcabd3f57a90f99f7f95fe9c') in 0.035647 seconds 
========================================================================
Received Import Request.
  Time since last request: 0.149885 seconds.
  path: Assets/school/props/book.fbx
  artifactKey: Guid(fe29f3a55c29a794a8d6a3d12b9aca96) Importer(815301076,1909f56bfc062723c751e8b465ee728b)
Start importing Assets/school/props/book.fbx using Guid(fe29f3a55c29a794a8d6a3d12b9aca96) Importer(815301076,1909f56bfc062723c751e8b465ee728b)  -> (artifact id: '7edc980b4937ca178c03419a9ad2b5f5') in 0.026450 seconds 
========================================================================
Received Import Request.
  Time since last request: 0.000028 seconds.
  path: Assets/school/props/book11.fbx
  artifactKey: Guid(469050c7eb8ed64428b8fb7604b109fb) Importer(815301076,1909f56bfc062723c751e8b465ee728b)
Start importing Assets/school/props/book11.fbx using Guid(469050c7eb8ed64428b8fb7604b109fb) Importer(815301076,1909f56bfc062723c751e8b465ee728b)  -> (artifact id: '2f2a7bcbd3b657c0a94abf2e666f2821') in 0.034168 seconds 
========================================================================
Received Import Request.
  Time since last request: 0.000181 seconds.
  path: Assets/school/props/locker_2.fbx
  artifactKey: Guid(4961a98492915344fad8693ff35cc1e8) Importer(815301076,1909f56bfc062723c751e8b465ee728b)
Start importing Assets/school/props/locker_2.fbx using Guid(4961a98492915344fad8693ff35cc1e8) Importer(815301076,1909f56bfc062723c751e8b465ee728b)  -> (artifact id: 'b15587d12f35cf2d308c7d5e765dce10') in 0.035384 seconds 
========================================================================
Received Import Request.
  Time since last request: 0.000063 seconds.
  path: Assets/school/props/locker_1.fbx
  artifactKey: Guid(6c66e7ddb4e3bf94e8581dbdbd34d601) Importer(815301076,1909f56bfc062723c751e8b465ee728b)
Start importing Assets/school/props/locker_1.fbx using Guid(6c66e7ddb4e3bf94e8581dbdbd34d601) Importer(815301076,1909f56bfc062723c751e8b465ee728b)  -> (artifact id: '774a2e806db42543e960ce6ac7290dd3') in 0.037037 seconds 
========================================================================
Received Import Request.
  Time since last request: 0.000103 seconds.
  path: Assets/school/props/jalousie.fbx
  artifactKey: Guid(f8efd7bda192d6d4c9936256eff57e9e) Importer(815301076,1909f56bfc062723c751e8b465ee728b)
Start importing Assets/school/props/jalousie.fbx using Guid(f8efd7bda192d6d4c9936256eff57e9e) Importer(815301076,1909f56bfc062723c751e8b465ee728b)  -> (artifact id: 'fc6dd376e06f0701468aecab725ab50f') in 0.036214 seconds 
========================================================================
Received Import Request.
  Time since last request: 0.114515 seconds.
  path: Assets/school/road/floor.fbx
  artifactKey: Guid(f7413ee7b6daa064087f5749d6f1b9f8) Importer(815301076,1909f56bfc062723c751e8b465ee728b)
Start importing Assets/school/road/floor.fbx using Guid(f7413ee7b6daa064087f5749d6f1b9f8) Importer(815301076,1909f56bfc062723c751e8b465ee728b)  -> (artifact id: '96b7cc5ebcf6ed9d209c6a505268da90') in 0.029548 seconds 
========================================================================
Received Import Request.
  Time since last request: 0.000023 seconds.
  path: Assets/school/props/book12.fbx
  artifactKey: Guid(d26fd69ae663eb24a85bb3506b3e3b91) Importer(815301076,1909f56bfc062723c751e8b465ee728b)
Start importing Assets/school/props/book12.fbx using Guid(d26fd69ae663eb24a85bb3506b3e3b91) Importer(815301076,1909f56bfc062723c751e8b465ee728b)  -> (artifact id: '720d7922ac7022c0096a3fa707a589fe') in 0.032468 seconds 
========================================================================
Received Import Request.
  Time since last request: 0.000032 seconds.
  path: Assets/school/props/computer1.fbx
  artifactKey: Guid(f0d27de52a7134a4d9d1aab733f51841) Importer(815301076,1909f56bfc062723c751e8b465ee728b)
Start importing Assets/school/props/computer1.fbx using Guid(f0d27de52a7134a4d9d1aab733f51841) Importer(815301076,1909f56bfc062723c751e8b465ee728b)  -> (artifact id: '5dc9c400f13ede7de1c0c8c93f1cf410') in 0.034177 seconds 
========================================================================
Received Import Request.
  Time since last request: 0.000030 seconds.
  path: Assets/school/props/button.fbx
  artifactKey: Guid(f91d72df50fef7f489d2eeb99baf0c1d) Importer(815301076,1909f56bfc062723c751e8b465ee728b)
Start importing Assets/school/props/button.fbx using Guid(f91d72df50fef7f489d2eeb99baf0c1d) Importer(815301076,1909f56bfc062723c751e8b465ee728b)  -> (artifact id: '031595b662b11e27b8ad59152137cd1a') in 0.034357 seconds 
========================================================================
Received Import Request.
  Time since last request: 0.000027 seconds.
  path: Assets/school/props/chair1.fbx
  artifactKey: Guid(e3fd7e9d6b3f64648beef3391d3952d6) Importer(815301076,1909f56bfc062723c751e8b465ee728b)
Start importing Assets/school/props/chair1.fbx using Guid(e3fd7e9d6b3f64648beef3391d3952d6) Importer(815301076,1909f56bfc062723c751e8b465ee728b)  -> (artifact id: '205d0f7e4c15095dde0c7835e24ff547') in 0.039193 seconds 
========================================================================
Received Import Request.
  Time since last request: 0.000058 seconds.
  path: Assets/school/props/computer.fbx
  artifactKey: Guid(19da5e77d15e6b246ae6557f5f4c3cbe) Importer(815301076,1909f56bfc062723c751e8b465ee728b)
Start importing Assets/school/props/computer.fbx using Guid(19da5e77d15e6b246ae6557f5f4c3cbe) Importer(815301076,1909f56bfc062723c751e8b465ee728b)  -> (artifact id: '184b3a46efa05ca518a07a11ea48a6df') in 0.033618 seconds 
========================================================================
Received Import Request.
  Time since last request: 0.088677 seconds.
  path: Assets/school/props/book16.fbx
  artifactKey: Guid(804dc1b5bcbda42449135bc1c93de072) Importer(815301076,1909f56bfc062723c751e8b465ee728b)
Start importing Assets/school/props/book16.fbx using Guid(804dc1b5bcbda42449135bc1c93de072) Importer(815301076,1909f56bfc062723c751e8b465ee728b)  -> (artifact id: '3a29a1214e19072d8fed77f4ae5ea594') in 0.025858 seconds 
========================================================================
Received Import Request.
  Time since last request: 0.000043 seconds.
  path: Assets/school/props/computer2.fbx
  artifactKey: Guid(fade7d8b155c9e347935a5505346523d) Importer(815301076,1909f56bfc062723c751e8b465ee728b)
Start importing Assets/school/props/computer2.fbx using Guid(fade7d8b155c9e347935a5505346523d) Importer(815301076,1909f56bfc062723c751e8b465ee728b)  -> (artifact id: 'dfad36775ea769046ff910f65253af00') in 0.037639 seconds 
Editor requested this worker to shutdown with reason: Scaling down because of idle timeout
AssetImportWorker is now disconnected from the server
Process exiting
Exiting without the bug reporter. Application will terminate with return code 0